#----------------------------------------------

Metric: name: grpc.io/server/sent_bytes_per_rpc, type: TypeCumulativeDistribution, unit: By 
  Labels: [{grpc_server_method }={log.v1.Log/Produce true}]
    Value : count=3 sum=0 sum_sq_dev=0, buckets=[{3 0x14000301950} {0 <nil>} {0 <nil>} {0 <nil>} {0 <nil>} {0 <nil>} {0 <nil>} {0 <nil>} {0 <nil>} {0 <nil>} {0 <nil>} {0 <nil>} {0 <nil>} {0 <nil>}]

#----------------------------------------------

Metric: name: grpc.io/server/sent_bytes_per_rpc, type: TypeCumulativeDistribution, unit: By 
  Labels: [{grpc_server_method }={log.v1.Log/Consume true}]
    Value : count=3 sum=15 sum_sq_dev=150, buckets=[{3 0x14000110ab0} {0 <nil>} {0 <nil>} {0 <nil>} {0 <nil>} {0 <nil>} {0 <nil>} {0 <nil>} {0 <nil>} {0 <nil>} {0 <nil>} {0 <nil>} {0 <nil>} {0 <nil>}]

#----------------------------------------------

Metric: name: grpc.io/server/sent_bytes_per_rpc, type: TypeCumulativeDistribution, unit: By 
  Labels: [{grpc_server_method }={log.v1.Log/ProduceStream true}]
    Value : count=1 sum=2 sum_sq_dev=0, buckets=[{1 0x14000405740} {0 <nil>} {0 <nil>} {0 <nil>} {0 <nil>} {0 <nil>} {0 <nil>} {0 <nil>} {0 <nil>} {0 <nil>} {0 <nil>} {0 <nil>} {0 <nil>} {0 <nil>}]

#----------------------------------------------

Metric: name: grpc.io/server/sent_bytes_per_rpc, type: TypeCumulativeDistribution, unit: By 
  Labels: [{grpc_server_method }={log.v1.Log/ConsumeStream true}]
    Value : count=1 sum=37 sum_sq_dev=0, buckets=[{1 0x140003001b0} {0 <nil>} {0 <nil>} {0 <nil>} {0 <nil>} {0 <nil>} {0 <nil>} {0 <nil>} {0 <nil>} {0 <nil>} {0 <nil>} {0 <nil>} {0 <nil>} {0 <nil>}]

#----------------------------------------------

Metric: name: grpc.io/server/server_latency, type: TypeCumulativeDistribution, unit: ms 
  Labels: [{grpc_server_method }={log.v1.Log/Produce true}]
    Value : count=3 sum=2.2065 sum_sq_dev=0.19439033083400004, buckets=[{0 <nil>} {0 <nil>} {0 <nil>} {0 <nil>} {2 0x140003019b0} {0 <nil>} {0 <nil>} {1 0x14000404b70} {0 <nil>} {0 <nil>} {0 <nil>} {0 <nil>} {0 <nil>} {0 <nil>} {0 <nil>} {0 <nil>} {0 <nil>} {0 <nil>} {0 <nil>} {0 <nil>} {0 <nil>} {0 <nil>} {0 <nil>} {0 <nil>} {0 <nil>} {0 <nil>} {0 <nil>} {0 <nil>} {0 <nil>} {0 <nil>} {0 <nil>} {0 <nil>} {0 <nil>} {0 <nil>} {0 <nil>} {0 <nil>} {0 <nil>} {0 <nil>} {0 <nil>} {0 <nil>} {0 <nil>}]

#----------------------------------------------

Metric: name: grpc.io/server/server_latency, type: TypeCumulativeDistribution, unit: ms 
  Labels: [{grpc_server_method }={log.v1.Log/Consume true}]
    Value : count=3 sum=1.382834 sum_sq_dev=0.12961627789866667, buckets=[{0 <nil>} {0 <nil>} {0 <nil>} {1 0x140000a4de0} {1 0x14000110b10} {1 0x1400048c030} {0 <nil>} {0 <nil>} {0 <nil>} {0 <nil>} {0 <nil>} {0 <nil>} {0 <nil>} {0 <nil>} {0 <nil>} {0 <nil>} {0 <nil>} {0 <nil>} {0 <nil>} {0 <nil>} {0 <nil>} {0 <nil>} {0 <nil>} {0 <nil>} {0 <nil>} {0 <nil>} {0 <nil>} {0 <nil>} {0 <nil>} {0 <nil>} {0 <nil>} {0 <nil>} {0 <nil>} {0 <nil>} {0 <nil>} {0 <nil>} {0 <nil>} {0 <nil>} {0 <nil>} {0 <nil>} {0 <nil>}]

#----------------------------------------------

Metric: name: grpc.io/server/server_latency, type: TypeCumulativeDistribution, unit: ms 
  Labels: [{grpc_server_method }={log.v1.Log/ProduceStream true}]
    Value : count=1 sum=0.784875 sum_sq_dev=0, buckets=[{0 <nil>} {0 <nil>} {0 <nil>} {0 <nil>} {0 <nil>} {1 0x140004057a0} {0 <nil>} {0 <nil>} {0 <nil>} {0 <nil>} {0 <nil>} {0 <nil>} {0 <nil>} {0 <nil>} {0 <nil>} {0 <nil>} {0 <nil>} {0 <nil>} {0 <nil>} {0 <nil>} {0 <nil>} {0 <nil>} {0 <nil>} {0 <nil>} {0 <nil>} {0 <nil>} {0 <nil>} {0 <nil>} {0 <nil>} {0 <nil>} {0 <nil>} {0 <nil>} {0 <nil>} {0 <nil>} {0 <nil>} {0 <nil>} {0 <nil>} {0 <nil>} {0 <nil>} {0 <nil>} {0 <nil>}]

#----------------------------------------------

Metric: name: grpc.io/server/server_latency, type: TypeCumulativeDistribution, unit: ms 
  Labels: [{grpc_server_method }={log.v1.Log/ConsumeStream true}]
    Value : count=1 sum=1001.976166 sum_sq_dev=0, buckets=[{0 <nil>} {0 <nil>} {0 <nil>} {0 <nil>} {0 <nil>} {0 <nil>} {0 <nil>} {0 <nil>} {0 <nil>} {0 <nil>} {0 <nil>} {0 <nil>} {0 <nil>} {0 <nil>} {0 <nil>} {0 <nil>} {0 <nil>} {0 <nil>} {0 <nil>} {0 <nil>} {0 <nil>} {0 <nil>} {0 <nil>} {0 <nil>} {0 <nil>} {0 <nil>} {0 <nil>} {0 <nil>} {0 <nil>} {0 <nil>} {0 <nil>} {0 <nil>} {0 <nil>} {0 <nil>} {1 0x14000300210} {0 <nil>} {0 <nil>} {0 <nil>} {0 <nil>} {0 <nil>} {0 <nil>}]

#----------------------------------------------

Metric: name: grpc.io/server/completed_rpcs, type: TypeCumulativeInt64, unit: 1 
  Labels: [{grpc_server_method }={log.v1.Log/ConsumeStream true} {grpc_server_status }={OK true}]
    Value : value=1

#----------------------------------------------

Metric: name: grpc.io/server/completed_rpcs, type: TypeCumulativeInt64, unit: 1 
  Labels: [{grpc_server_method }={log.v1.Log/Consume true} {grpc_server_status }={OUT_OF_RANGE true}]
    Value : value=1

#----------------------------------------------

Metric: name: grpc.io/server/completed_rpcs, type: TypeCumulativeInt64, unit: 1 
  Labels: [{grpc_server_method }={log.v1.Log/Produce true} {grpc_server_status }={PERMISSION_DENIED true}]
    Value : value=1

#----------------------------------------------

Metric: name: grpc.io/server/completed_rpcs, type: TypeCumulativeInt64, unit: 1 
  Labels: [{grpc_server_method }={log.v1.Log/Consume true} {grpc_server_status }={PERMISSION_DENIED true}]
    Value : value=1

#----------------------------------------------

Metric: name: grpc.io/server/completed_rpcs, type: TypeCumulativeInt64, unit: 1 
  Labels: [{grpc_server_method }={log.v1.Log/Produce true} {grpc_server_status }={OK true}]
    Value : value=2

#----------------------------------------------

Metric: name: grpc.io/server/completed_rpcs, type: TypeCumulativeInt64, unit: 1 
  Labels: [{grpc_server_method }={log.v1.Log/Consume true} {grpc_server_status }={OK true}]
    Value : value=1

#----------------------------------------------

Metric: name: grpc.io/server/completed_rpcs, type: TypeCumulativeInt64, unit: 1 
  Labels: [{grpc_server_method }={log.v1.Log/ProduceStream true} {grpc_server_status }={CANCELLED true}]
    Value : value=1

#----------------------------------------------

Metric: name: grpc.io/server/received_bytes_per_rpc, type: TypeCumulativeDistribution, unit: By 
  Labels: [{grpc_server_method }={log.v1.Log/ProduceStream true}]
    Value : count=1 sum=37 sum_sq_dev=0, buckets=[{1 0x14000405770} {0 <nil>} {0 <nil>} {0 <nil>} {0 <nil>} {0 <nil>} {0 <nil>} {0 <nil>} {0 <nil>} {0 <nil>} {0 <nil>} {0 <nil>} {0 <nil>} {0 <nil>}]

#----------------------------------------------

Metric: name: grpc.io/server/received_bytes_per_rpc, type: TypeCumulativeDistribution, unit: By 
  Labels: [{grpc_server_method }={log.v1.Log/ConsumeStream true}]
    Value : count=1 sum=0 sum_sq_dev=0, buckets=[{1 0x140003001e0} {0 <nil>} {0 <nil>} {0 <nil>} {0 <nil>} {0 <nil>} {0 <nil>} {0 <nil>} {0 <nil>} {0 <nil>} {0 <nil>} {0 <nil>} {0 <nil>} {0 <nil>}]

#----------------------------------------------

Metric: name: grpc.io/server/received_bytes_per_rpc, type: TypeCumulativeDistribution, unit: By 
  Labels: [{grpc_server_method }={log.v1.Log/Produce true}]
    Value : count=3 sum=45 sum_sq_dev=0, buckets=[{3 0x14000301980} {0 <nil>} {0 <nil>} {0 <nil>} {0 <nil>} {0 <nil>} {0 <nil>} {0 <nil>} {0 <nil>} {0 <nil>} {0 <nil>} {0 <nil>} {0 <nil>} {0 <nil>}]

#----------------------------------------------

Metric: name: grpc.io/server/received_bytes_per_rpc, type: TypeCumulativeDistribution, unit: By 
  Labels: [{grpc_server_method }={log.v1.Log/Consume true}]
    Value : count=3 sum=2 sum_sq_dev=2.666666666666667, buckets=[{3 0x14000110ae0} {0 <nil>} {0 <nil>} {0 <nil>} {0 <nil>} {0 <nil>} {0 <nil>} {0 <nil>} {0 <nil>} {0 <nil>} {0 <nil>} {0 <nil>} {0 <nil>} {0 <nil>}]

